<?xml version="1.0" encoding="UTF-8"?>
<testng-results skipped="0" failed="0" ignored="0" total="1" passed="1">
  <reporter-output>
  </reporter-output>
  <suite name="Default suite" duration-ms="9605" started-at="2022-02-27T03:34:14Z" finished-at="2022-02-27T03:34:24Z">
    <groups>
    </groups>
    <test name="Default test" duration-ms="9605" started-at="2022-02-27T03:34:14Z" finished-at="2022-02-27T03:34:24Z">
      <class name="com.tests.LoginTest">
        <test-method status="PASS" signature="loginTest()[pri:0, instance:com.tests.LoginTest@5700d6b1]" name="loginTest" duration-ms="9455" started-at="2022-02-27T03:34:14Z" finished-at="2022-02-27T03:34:24Z">
          <reporter-output>
          </reporter-output>
        </test-method> <!-- loginTest -->
      </class> <!-- com.tests.LoginTest -->
    </test> <!-- Default test -->
  </suite> <!-- Default suite -->
</testng-results>
